Arguments: 
  /usr/local/bin/node /usr/local/bin/yarn add koa-cors

PATH: 
  /usr/local/bin:/usr/bin:/bin:/usr/sbin:/sbin:/Users/zhangjinmei/opt/anaconda3/bin:/Users/zhangjinmei/opt/anaconda3/condabin:/usr/local/Cellar/mysql@5.7/5.7.36/bin:/usr/local/Cellar/mysql@5.7/5.7.36/bin

Yarn version: 
  1.22.17

Node version: 
  16.14.0

Platform: 
  darwin x64

Trace: 
  Error: EACCES: permission denied, mkdir '/Users/zhangjinmei/Documents/vueStudy/study/koa-project/node_modules/call-bind'

npm manifest: 
  {
    "name": "koa-project",
    "version": "1.0.0",
    "description": "",
    "scripts": {
      "test": "echo \"Error: no test specified\" && exit 1"
    },
    "keywords": [],
    "author": "",
    "license": "ISC",
    "dependencies": {
      "@koa/router": "^8.0.8",
      "koa": "^2.11.0",
      "koa-bodyparser": "^4.2.1"
    },
    "devDependencies": {}
  }

yarn manifest: 
  No manifest

Lockfile: 
  No lockfile
